Base path: C:/Program Files (x86)/Unity/Editor/Data
Pipe name: \\.\pipe\UnityShaderCompiler-4-4912
Cmd: getPlatforms
Cmd: compileSnippet
  api=0 type=0 insize=4871 outsize=540 kw=DIRECTIONAL SHADOWS_SCREEN LIGHTMAP_ON DIRLIGHTMAP_OFF ok=1
Cmd: compileSnippet
  api=0 type=1 insize=4871 outsize=492 kw=DIRECTIONAL SHADOWS_SCREEN LIGHTMAP_ON DIRLIGHTMAP_OFF ok=1
Cmd: compileSnippet
  api=0 type=0 insize=2847 outsize=817 kw=POINT_COOKIE ok=1
Cmd: compileSnippet
  api=0 type=0 insize=2847 outsize=775 kw=DIRECTIONAL_COOKIE ok=1
Cmd: compileSnippet
  api=0 type=1 insize=2847 outsize=734 kw=POINT_COOKIE ok=1
Cmd: compileSnippet
  api=0 type=1 insize=2847 outsize=496 kw=DIRECTIONAL_COOKIE ok=1
Cmd: compileSnippet
  api=8 type=0 insize=1883 outsize=1422 kw= ok=1
Cmd: compileSnippet
  api=8 type=0 insize=1903 outsize=1422 kw= ok=1
Cmd: compileSnippet
  api=8 type=1 insize=1903 outsize=5347 kw= ok=1
Unhandled exception: Readfile from pipe failed. GLE=Die Pipe wurde beendet.


Quitting shader compiler process
